[2024-09-18 10:37:52] at
[2024-09-18 10:37:52]   OK  
[2024-09-18 10:37:53] at
[2024-09-18 10:37:53]   OK  
[2024-09-18 10:37:58] at+cgpaddr=1
[2024-09-18 10:37:59]   +CGPADDR: 1,"10.42.217.56",""    OK  
[2024-09-18 10:37:59] at+cgpaddr=1
[2024-09-18 10:38:00]   +CGPADDR: 1,"10.42.217.56",""    OK  
[2024-09-18 10:38:01] at+cgpaddr=1
[2024-09-18 10:38:02]   +CGPADDR: 1,"10.42.217.56",""    OK  
[2024-09-18 10:38:02] at+cgpaddr=1
[2024-09-18 10:38:03]   +CGPADDR: 1,"10.42.217.56",""    OK  
[2024-09-18 10:58:36] at
[2024-09-18 10:58:37]   OK  
[2024-09-18 10:58:37] at
[2024-09-18 10:58:37]   OK  
[2024-09-18 11:00:23] at
[2024-09-18 11:00:23]   OK  
[2024-09-18 11:00:23] at
[2024-09-18 11:00:24]   OK  
[2024-09-18 11:01:20] at
[2024-09-18 11:01:21]   OK  
[2024-09-18 11:01:21] at
[2024-09-18 11:01:21]   OK  
[2024-09-18 11:02:35] at
[2024-09-18 11:02:35]   OK  
[2024-09-18 11:02:35] at
[2024-09-18 11:02:36]   OK  
[2024-09-18 11:07:09] at+CGDCONT=1,"IP","internet"
[2024-09-18 11:07:10]   OK  
[2024-09-18 11:21:58] at
[2024-09-18 11:21:59]   OK  
[2024-09-18 11:21:59] at+cgdcont=1,"IP","internet"
[2024-09-18 11:21:59]   OK  
[2024-09-18 11:21:59] at+cgact=1,1
[2024-09-18 11:22:00]   +CME ERROR: 55295  
[2024-09-18 11:22:00] at+cgpaddr=1
[2024-09-18 11:22:00]   +CGPADDR: 1,"10.42.217.56",""    OK  
[2024-09-18 11:22:35] at
[2024-09-18 11:22:35]   OK  
[2024-09-18 11:22:35] at+cgdcont=1,"IP","internet"
[2024-09-18 11:22:36]   OK  
[2024-09-18 11:22:36] at+cgact=1,1
[2024-09-18 11:22:36]   +CME ERROR: 55295  
[2024-09-18 11:22:36] at+cgpaddr=1
[2024-09-18 11:22:37]   +CGPADDR: 1,"10.42.217.56",""    OK  
[2024-09-18 11:26:12] at
[2024-09-18 11:26:12]   OK  
[2024-09-18 11:26:12] at+cgdcont=1,"IP","internet"
[2024-09-18 11:26:13]   OK  
[2024-09-18 11:26:13] at+cgact=1,1
[2024-09-18 11:26:13]   +CME ERROR: 55295  
[2024-09-18 11:26:13] at+cgpaddr=1
[2024-09-18 11:26:14]   +CGPADDR: 1,"10.42.217.56",""    OK  
[2024-09-18 11:27:08] at
[2024-09-18 11:27:08]   OK  
[2024-09-18 11:27:08] at+cgdcont=1,"IP","internet"
[2024-09-18 11:27:09]   OK  
[2024-09-18 11:27:09] at+cgact=1,1
[2024-09-18 11:27:09]   +CME ERROR: 55295  
[2024-09-18 11:27:09] at+cgpaddr=1
[2024-09-18 11:27:10]   +CGPADDR: 1,"10.42.217.56",""    OK  
[2024-09-18 11:34:39] at
[2024-09-18 11:34:39]   OK  
[2024-09-18 11:34:39] at+cgdcont=1,"IP","internet"
[2024-09-18 11:34:40]   OK  
[2024-09-18 11:34:40] at+cgact=1,1
[2024-09-18 11:34:40]   +CME ERROR: 55295  
[2024-09-18 11:34:40] at+cgpaddr=1
[2024-09-18 11:34:41]   +CGPADDR: 1,"10.42.217.56",""    OK  
